[28Jul2025 00:00:42.167] [Server thread/WARN] [net.minecraft.server.level.ServerPlayerGameMode/]: Mismatch in destroy block pos: BlockPos{x=-1332, y=55, z=1211} BlockPos{x=-1331, y=54, z=1211}
[28Jul2025 00:11:31.166] [Server thread/INFO] [net.minecraft.server.MinecraftServer/]: Lu_dev has reached the goal [Abyssal Descent]
[28Jul2025 00:13:06.620] [Server thread/WARN] [tombstone/]: The death event of the player Lu_dev was canceled by another mod
[28Jul2025 00:13:06.623] [Server thread/INFO] [tombstone/]: The player Lu_dev has successfully been saved
[28Jul2025 00:13:22.228] [Server thread/INFO] [net.minecraft.server.MinecraftServer/]: Lu_dev was obliterated by a sonically-charged shriek
[28Jul2025 00:14:20.218] [Server thread/WARN] [tombstone/]: The death event of the player Lu_dev was canceled by another mod
[28Jul2025 00:14:20.223] [Server thread/INFO] [tombstone/]: The player Lu_dev has successfully been saved
[28Jul2025 00:14:30.324] [Server thread/INFO] [net.minecraft.server.MinecraftServer/]: Lu_dev was obliterated by a sonically-charged shriek
[28Jul2025 00:15:24.218] [Server thread/WARN] [tombstone/]: The death event of the player Lu_dev was canceled by another mod
[28Jul2025 00:15:24.223] [Server thread/INFO] [tombstone/]: The player Lu_dev has successfully been saved
[28Jul2025 00:15:33.235] [Server thread/INFO] [net.minecraft.server.MinecraftServer/]: Lu_dev was slain by Warden
[28Jul2025 00:16:02.117] [Server thread/WARN] [tombstone/]: The death event of the player Lu_dev was canceled by another mod
[28Jul2025 00:16:02.121] [Server thread/INFO] [tombstone/]: The player Lu_dev has successfully been saved
[28Jul2025 00:16:09.983] [Server thread/INFO] [net.minecraft.server.MinecraftServer/]: Lu_dev was slain by Warden
[28Jul2025 00:17:55.028] [Server thread/WARN] [tombstone/]: The death event of the player Lu_dev was canceled by another mod
[28Jul2025 00:17:55.031] [Server thread/INFO] [tombstone/]: The player Lu_dev has successfully been saved
[28Jul2025 00:18:07.136] [Server thread/INFO] [net.minecraft.server.MinecraftServer/]: Lu_dev was obliterated by a sonically-charged shriek
[28Jul2025 00:19:23.319] [Server thread/WARN] [tombstone/]: The death event of the player Lu_dev was canceled by another mod
[28Jul2025 00:19:23.322] [Server thread/INFO] [tombstone/]: The player Lu_dev has successfully been saved
[28Jul2025 00:19:31.385] [Server thread/INFO] [net.minecraft.server.MinecraftServer/]: Lu_dev was obliterated by a sonically-charged shriek
[28Jul2025 00:20:46.871] [Server thread/WARN] [tombstone/]: The death event of the player Lu_dev was canceled by another mod
[28Jul2025 00:20:46.874] [Server thread/INFO] [tombstone/]: The player Lu_dev has successfully been saved
[28Jul2025 00:21:05.869] [Server thread/INFO] [net.minecraft.server.MinecraftServer/]: Lu_dev was obliterated by a sonically-charged shriek
[28Jul2025 00:22:08.070] [Server thread/WARN] [tombstone/]: The death event of the player Lu_dev was canceled by another mod
[28Jul2025 00:22:08.074] [Server thread/INFO] [tombstone/]: The player Lu_dev has successfully been saved
[28Jul2025 00:22:14.170] [Server thread/INFO] [net.minecraft.server.MinecraftServer/]: Lu_dev was slain by Warden
[28Jul2025 00:22:30.473] [Server thread/WARN] [tombstone/]: The death event of the player Lu_dev was canceled by another mod
[28Jul2025 00:22:30.480] [Server thread/INFO] [tombstone/]: The player Lu_dev has successfully been saved
[28Jul2025 00:22:37.573] [Server thread/INFO] [net.minecraft.server.MinecraftServer/]: Lu_dev was slain by Warden
